*** Starting uWSGI 2.0.18 (64bit) on [Mon Apr 29 22:08:53 2019] ***
compiled with version: 7.3.0 on 29 April 2019 13:09:52
os: Linux-4.15.0-45-generic #48-Ubuntu SMP Tue Jan 29 16:28:13 UTC 2019
nodename: iZ2zee2kuq08dup4zaqhibZ
machine: x86_64
clock source: unix
detected number of CPU cores: 1
current working directory: /home/python_tx晨检
detected binary path: /usr/local/bin/uwsgi
!!! no internal routing support, rebuild with pcre support !!!
uWSGI running as root, you can use --uid/--gid/--chroot options
*** WARNING: you are running uWSGI as root !!! (use the --uid flag) *** 
chdir() to /home/python_tx晨检
your processes number limit is 3719
your memory page size is 4096 bytes
detected max file descriptor number: 65535
lock engine: pthread robust mutexes
thunder lock: disabled (you can enable it with --thunder-lock)
probably another instance of uWSGI is running on the same address (127.0.0.1:8000).
bind(): Address already in use [core/socket.c line 769]
*** Starting uWSGI 2.0.18 (64bit) on [Mon Apr 29 22:09:13 2019] ***
compiled with version: 7.3.0 on 29 April 2019 13:09:52
os: Linux-4.15.0-45-generic #48-Ubuntu SMP Tue Jan 29 16:28:13 UTC 2019
nodename: iZ2zee2kuq08dup4zaqhibZ
machine: x86_64
clock source: unix
detected number of CPU cores: 1
current working directory: /home/python_tx晨检
detected binary path: /usr/local/bin/uwsgi
!!! no internal routing support, rebuild with pcre support !!!
uWSGI running as root, you can use --uid/--gid/--chroot options
*** WARNING: you are running uWSGI as root !!! (use the --uid flag) *** 
chdir() to /home/python_tx晨检
your processes number limit is 3719
your memory page size is 4096 bytes
detected max file descriptor number: 65535
lock engine: pthread robust mutexes
thunder lock: disabled (you can enable it with --thunder-lock)
probably another instance of uWSGI is running on the same address (127.0.0.1:8000).
bind(): Address already in use [core/socket.c line 769]
*** Starting uWSGI 2.0.18 (64bit) on [Mon Apr 29 22:09:33 2019] ***
compiled with version: 7.3.0 on 29 April 2019 13:09:52
os: Linux-4.15.0-45-generic #48-Ubuntu SMP Tue Jan 29 16:28:13 UTC 2019
nodename: iZ2zee2kuq08dup4zaqhibZ
machine: x86_64
clock source: unix
detected number of CPU cores: 1
current working directory: /home/python_tx晨检
detected binary path: /usr/local/bin/uwsgi
!!! no internal routing support, rebuild with pcre support !!!
uWSGI running as root, you can use --uid/--gid/--chroot options
*** WARNING: you are running uWSGI as root !!! (use the --uid flag) *** 
chdir() to /home/python_tx晨检
your processes number limit is 3719
your memory page size is 4096 bytes
detected max file descriptor number: 65535
lock engine: pthread robust mutexes
thunder lock: disabled (you can enable it with --thunder-lock)
probably another instance of uWSGI is running on the same address (127.0.0.1:8000).
bind(): Address already in use [core/socket.c line 769]
*** Starting uWSGI 2.0.18 (64bit) on [Tue Apr 30 12:59:21 2019] ***
compiled with version: 7.3.0 on 29 April 2019 13:09:52
os: Linux-4.15.0-45-generic #48-Ubuntu SMP Tue Jan 29 16:28:13 UTC 2019
nodename: iZ2zee2kuq08dup4zaqhibZ
machine: x86_64
clock source: unix
detected number of CPU cores: 1
current working directory: /home/python_tx晨检
detected binary path: /usr/local/bin/uwsgi
!!! no internal routing support, rebuild with pcre support !!!
uWSGI running as root, you can use --uid/--gid/--chroot options
*** WARNING: you are running uWSGI as root !!! (use the --uid flag) *** 
chdir() to /home/python_tx晨检
your processes number limit is 3719
your memory page size is 4096 bytes
detected max file descriptor number: 65535
lock engine: pthread robust mutexes
thunder lock: disabled (you can enable it with --thunder-lock)
uwsgi socket 0 bound to TCP address 127.0.0.1:8000 fd 3
uWSGI running as root, you can use --uid/--gid/--chroot options
*** WARNING: you are running uWSGI as root !!! (use the --uid flag) *** 
Python version: 3.6.7 (default, Oct 22 2018, 11:32:17)  [GCC 8.2.0]
*** Python threads support is disabled. You can enable it with --enable-threads ***
Python main interpreter initialized at 0x55776afb2f50
uWSGI running as root, you can use --uid/--gid/--chroot options
*** WARNING: you are running uWSGI as root !!! (use the --uid flag) *** 
your server socket listen backlog is limited to 100 connections
your mercy for graceful operations on workers is 60 seconds
mapped 145808 bytes (142 KB) for 1 cores
*** Operational MODE: single process ***
WSGI app 0 (mountpoint='') ready in 0 seconds on interpreter 0x55776afb2f50 pid: 1484 (default app)
uWSGI running as root, you can use --uid/--gid/--chroot options
*** WARNING: you are running uWSGI as root !!! (use the --uid flag) *** 
spawned uWSGI master process (pid: 1484)
spawned uWSGI worker 1 (pid: 1486, cores: 1)
